{"/Users/abdularifin/Desktop/IP-RMT46/server/app.js": {"path":"/Users/abdularifin/Desktop/IP-RMT46/server/app.js","statementMap":{"0":{"start":{"line":1,"column":0},"end":{"line":3,"column":1}},"1":{"start":{"line":2,"column":2},"end":{"line":2,"column":29}},"2":{"start":{"line":4,"column":16},"end":{"line":4,"column":34}},"3":{"start":{"line":5,"column":12},"end":{"line":5,"column":21}},"4":{"start":{"line":6,"column":13},"end":{"line":6,"column":17}},"5":{"start":{"line":7,"column":15},"end":{"line":7,"column":40}},"6":{"start":{"line":8,"column":13},"end":{"line":8,"column":28}},"7":{"start":{"line":10,"column":0},"end":{"line":10,"column":49}},"8":{"start":{"line":11,"column":0},"end":{"line":11,"column":24}},"9":{"start":{"line":12,"column":0},"end":{"line":12,"column":16}},"10":{"start":{"line":13,"column":0},"end":{"line":13,"column":16}},"11":{"start":{"line":15,"column":0},"end":{"line":15,"column":21}}},"fnMap":{},"branchMap":{"0":{"loc":{"start":{"line":1,"column":0},"end":{"line":3,"column":1}},"type":"if","locations":[{"start":{"line":1,"column":0},"end":{"line":3,"column":1}},{"start":{},"end":{}}],"line":1}},"s":{"0":6,"1":6,"2":6,"3":6,"4":6,"5":6,"6":6,"7":6,"8":6,"9":6,"10":6,"11":6},"f":{},"b":{"0":[6,0]},"_coverageSchema":"1a1c01bbd47fc00a2c39e90264f33305004495a9","hash":"a233b5fd4666dcef99a2b39e9da63ef6b7422731"}
,"/Users/abdularifin/Desktop/IP-RMT46/server/controller/Games.js": {"path":"/Users/abdularifin/Desktop/IP-RMT46/server/controller/Games.js","statementMap":{"0":{"start":{"line":1,"column":14},"end":{"line":1,"column":30}},"1":{"start":{"line":3,"column":0},"end":{"line":3,"column":27}},"2":{"start":{"line":4,"column":12},"end":{"line":4,"column":31}},"3":{"start":{"line":5,"column":29},"end":{"line":5,"column":49}},"4":{"start":{"line":9,"column":4},"end":{"line":48,"column":5}},"5":{"start":{"line":10,"column":49},"end":{"line":10,"column":58}},"6":{"start":{"line":11,"column":22},"end":{"line":11,"column":24}},"7":{"start":{"line":12,"column":6},"end":{"line":15,"column":7}},"8":{"start":{"line":14,"column":8},"end":{"line":14,"column":32}},"9":{"start":{"line":16,"column":6},"end":{"line":19,"column":7}},"10":{"start":{"line":18,"column":8},"end":{"line":18,"column":32}},"11":{"start":{"line":20,"column":6},"end":{"line":23,"column":7}},"12":{"start":{"line":22,"column":8},"end":{"line":22,"column":36}},"13":{"start":{"line":24,"column":6},"end":{"line":27,"column":7}},"14":{"start":{"line":26,"column":8},"end":{"line":26,"column":28}},"15":{"start":{"line":28,"column":26},"end":{"line":28,"column":65}},"16":{"start":{"line":29,"column":21},"end":{"line":31,"column":7}},"17":{"start":{"line":33,"column":6},"end":{"line":44,"column":8}},"18":{"start":{"line":35,"column":10},"end":{"line":42,"column":12}},"19":{"start":{"line":46,"column":6},"end":{"line":46,"column":25}},"20":{"start":{"line":47,"column":6},"end":{"line":47,"column":18}},"21":{"start":{"line":51,"column":4},"end":{"line":77,"column":5}},"22":{"start":{"line":52,"column":24},"end":{"line":52,"column":78}},"23":{"start":{"line":53,"column":6},"end":{"line":55,"column":7}},"24":{"start":{"line":54,"column":8},"end":{"line":54,"column":58}},"25":{"start":{"line":59,"column":24},"end":{"line":69,"column":9}},"26":{"start":{"line":59,"column":49},"end":{"line":69,"column":7}},"27":{"start":{"line":70,"column":19},"end":{"line":70,"column":51}},"28":{"start":{"line":71,"column":6},"end":{"line":73,"column":9}},"29":{"start":{"line":74,"column":6},"end":{"line":74,"column":33}},"30":{"start":{"line":76,"column":6},"end":{"line":76,"column":18}},"31":{"start":{"line":80,"column":4},"end":{"line":105,"column":5}},"32":{"start":{"line":81,"column":21},"end":{"line":81,"column":31}},"33":{"start":{"line":82,"column":25},"end":{"line":82,"column":33}},"34":{"start":{"line":84,"column":20},"end":{"line":84,"column":43}},"35":{"start":{"line":86,"column":6},"end":{"line":86,"column":68}},"36":{"start":{"line":86,"column":18},"end":{"line":86,"column":68}},"37":{"start":{"line":87,"column":19},"end":{"line":89,"column":7}},"38":{"start":{"line":90,"column":19},"end":{"line":96,"column":7}},"39":{"start":{"line":97,"column":6},"end":{"line":97,"column":53}},"40":{"start":{"line":98,"column":22},"end":{"line":98,"column":45}},"41":{"start":{"line":100,"column":6},"end":{"line":102,"column":80}},"42":{"start":{"line":104,"column":6},"end":{"line":104,"column":18}},"43":{"start":{"line":108,"column":4},"end":{"line":113,"column":5}},"44":{"start":{"line":109,"column":19},"end":{"line":109,"column":73}},"45":{"start":{"line":110,"column":6},"end":{"line":110,"column":33}},"46":{"start":{"line":112,"column":6},"end":{"line":112,"column":18}},"47":{"start":{"line":116,"column":0},"end":{"line":116,"column":33}}},"fnMap":{"0":{"name":"(anonymous_0)","decl":{"start":{"line":8,"column":2},"end":{"line":8,"column":3}},"loc":{"start":{"line":8,"column":44},"end":{"line":49,"column":3}},"line":8},"1":{"name":"(anonymous_1)","decl":{"start":{"line":34,"column":34},"end":{"line":34,"column":35}},"loc":{"start":{"line":34,"column":42},"end":{"line":43,"column":9}},"line":34},"2":{"name":"(anonymous_2)","decl":{"start":{"line":50,"column":2},"end":{"line":50,"column":3}},"loc":{"start":{"line":50,"column":39},"end":{"line":78,"column":3}},"line":50},"3":{"name":"(anonymous_3)","decl":{"start":{"line":59,"column":38},"end":{"line":59,"column":39}},"loc":{"start":{"line":59,"column":49},"end":{"line":69,"column":7}},"line":59},"4":{"name":"(anonymous_4)","decl":{"start":{"line":79,"column":2},"end":{"line":79,"column":3}},"loc":{"start":{"line":79,"column":42},"end":{"line":106,"column":3}},"line":79},"5":{"name":"(anonymous_5)","decl":{"start":{"line":107,"column":2},"end":{"line":107,"column":3}},"loc":{"start":{"line":107,"column":39},"end":{"line":114,"column":3}},"line":107}},"branchMap":{"0":{"loc":{"start":{"line":12,"column":6},"end":{"line":15,"column":7}},"type":"if","locations":[{"start":{"line":12,"column":6},"end":{"line":15,"column":7}},{"start":{},"end":{}}],"line":12},"1":{"loc":{"start":{"line":16,"column":6},"end":{"line":19,"column":7}},"type":"if","locations":[{"start":{"line":16,"column":6},"end":{"line":19,"column":7}},{"start":{},"end":{}}],"line":16},"2":{"loc":{"start":{"line":20,"column":6},"end":{"line":23,"column":7}},"type":"if","locations":[{"start":{"line":20,"column":6},"end":{"line":23,"column":7}},{"start":{},"end":{}}],"line":20},"3":{"loc":{"start":{"line":24,"column":6},"end":{"line":27,"column":7}},"type":"if","locations":[{"start":{"line":24,"column":6},"end":{"line":27,"column":7}},{"start":{},"end":{}}],"line":24},"4":{"loc":{"start":{"line":53,"column":6},"end":{"line":55,"column":7}},"type":"if","locations":[{"start":{"line":53,"column":6},"end":{"line":55,"column":7}},{"start":{},"end":{}}],"line":53},"5":{"loc":{"start":{"line":86,"column":6},"end":{"line":86,"column":68}},"type":"if","locations":[{"start":{"line":86,"column":6},"end":{"line":86,"column":68}},{"start":{},"end":{}}],"line":86}},"s":{"0":6,"1":6,"2":6,"3":6,"4":1,"5":1,"6":1,"7":1,"8":0,"9":1,"10":0,"11":1,"12":0,"13":1,"14":0,"15":1,"16":1,"17":1,"18":20,"19":0,"20":0,"21":0,"22":0,"23":0,"24":0,"25":0,"26":0,"27":0,"28":0,"29":0,"30":0,"31":0,"32":0,"33":0,"34":0,"35":0,"36":0,"37":0,"38":0,"39":0,"40":0,"41":0,"42":0,"43":0,"44":0,"45":0,"46":0,"47":6},"f":{"0":1,"1":20,"2":0,"3":0,"4":0,"5":0},"b":{"0":[0,1],"1":[0,1],"2":[0,1],"3":[0,1],"4":[0,0],"5":[0,0]},"_coverageSchema":"1a1c01bbd47fc00a2c39e90264f33305004495a9","hash":"25a91a1f5cfd0bc9e8fcd41a75e0bc2fd29bb2e0"}
,"/Users/abdularifin/Desktop/IP-RMT46/server/controller/User.js": {"path":"/Users/abdularifin/Desktop/IP-RMT46/server/controller/User.js","statementMap":{"0":{"start":{"line":1,"column":28},"end":{"line":1,"column":55}},"1":{"start":{"line":2,"column":22},"end":{"line":2,"column":46}},"2":{"start":{"line":3,"column":17},"end":{"line":3,"column":37}},"3":{"start":{"line":4,"column":0},"end":{"line":4,"column":27}},"4":{"start":{"line":5,"column":25},"end":{"line":5,"column":55}},"5":{"start":{"line":6,"column":15},"end":{"line":6,"column":33}},"6":{"start":{"line":9,"column":4},"end":{"line":19,"column":5}},"7":{"start":{"line":10,"column":44},"end":{"line":10,"column":52}},"8":{"start":{"line":11,"column":19},"end":{"line":15,"column":8}},"9":{"start":{"line":16,"column":6},"end":{"line":16,"column":75}},"10":{"start":{"line":18,"column":6},"end":{"line":18,"column":18}},"11":{"start":{"line":22,"column":4},"end":{"line":39,"column":5}},"12":{"start":{"line":23,"column":34},"end":{"line":23,"column":42}},"13":{"start":{"line":24,"column":6},"end":{"line":24,"column":75}},"14":{"start":{"line":24,"column":18},"end":{"line":24,"column":75}},"15":{"start":{"line":25,"column":6},"end":{"line":26,"column":68}},"16":{"start":{"line":26,"column":8},"end":{"line":26,"column":68}},"17":{"start":{"line":27,"column":19},"end":{"line":27,"column":59}},"18":{"start":{"line":28,"column":6},"end":{"line":30,"column":7}},"19":{"start":{"line":29,"column":8},"end":{"line":29,"column":70}},"20":{"start":{"line":31,"column":28},"end":{"line":31,"column":68}},"21":{"start":{"line":33,"column":6},"end":{"line":34,"column":70}},"22":{"start":{"line":34,"column":8},"end":{"line":34,"column":70}},"23":{"start":{"line":35,"column":27},"end":{"line":35,"column":53}},"24":{"start":{"line":36,"column":6},"end":{"line":36,"column":52}},"25":{"start":{"line":38,"column":6},"end":{"line":38,"column":18}},"26":{"start":{"line":42,"column":4},"end":{"line":65,"column":5}},"27":{"start":{"line":43,"column":30},"end":{"line":43,"column":38}},"28":{"start":{"line":44,"column":23},"end":{"line":44,"column":44}},"29":{"start":{"line":45,"column":21},"end":{"line":48,"column":8}},"30":{"start":{"line":49,"column":30},"end":{"line":49,"column":49}},"31":{"start":{"line":51,"column":30},"end":{"line":58,"column":8}},"32":{"start":{"line":59,"column":27},"end":{"line":59,"column":53}},"33":{"start":{"line":60,"column":6},"end":{"line":62,"column":70}},"34":{"start":{"line":64,"column":6},"end":{"line":64,"column":18}},"35":{"start":{"line":69,"column":0},"end":{"line":69,"column":32}}},"fnMap":{"0":{"name":"(anonymous_0)","decl":{"start":{"line":8,"column":2},"end":{"line":8,"column":3}},"loc":{"start":{"line":8,"column":40},"end":{"line":20,"column":3}},"line":8},"1":{"name":"(anonymous_1)","decl":{"start":{"line":21,"column":2},"end":{"line":21,"column":3}},"loc":{"start":{"line":21,"column":37},"end":{"line":40,"column":3}},"line":21},"2":{"name":"(anonymous_2)","decl":{"start":{"line":41,"column":2},"end":{"line":41,"column":3}},"loc":{"start":{"line":41,"column":43},"end":{"line":66,"column":3}},"line":41}},"branchMap":{"0":{"loc":{"start":{"line":24,"column":6},"end":{"line":24,"column":75}},"type":"if","locations":[{"start":{"line":24,"column":6},"end":{"line":24,"column":75}},{"start":{},"end":{}}],"line":24},"1":{"loc":{"start":{"line":25,"column":6},"end":{"line":26,"column":68}},"type":"if","locations":[{"start":{"line":25,"column":6},"end":{"line":26,"column":68}},{"start":{},"end":{}}],"line":25},"2":{"loc":{"start":{"line":28,"column":6},"end":{"line":30,"column":7}},"type":"if","locations":[{"start":{"line":28,"column":6},"end":{"line":30,"column":7}},{"start":{},"end":{}}],"line":28},"3":{"loc":{"start":{"line":33,"column":6},"end":{"line":34,"column":70}},"type":"if","locations":[{"start":{"line":33,"column":6},"end":{"line":34,"column":70}},{"start":{},"end":{}}],"line":33}},"s":{"0":6,"1":6,"2":6,"3":6,"4":6,"5":6,"6":7,"7":7,"8":7,"9":1,"10":6,"11":5,"12":5,"13":5,"14":1,"15":4,"16":1,"17":3,"18":3,"19":1,"20":2,"21":2,"22":1,"23":1,"24":1,"25":4,"26":0,"27":0,"28":0,"29":0,"30":0,"31":0,"32":0,"33":0,"34":0,"35":6},"f":{"0":7,"1":5,"2":0},"b":{"0":[1,4],"1":[1,3],"2":[1,2],"3":[1,1]},"_coverageSchema":"1a1c01bbd47fc00a2c39e90264f33305004495a9","hash":"cda3ef57488a3ec4641aead8f50d4d4fcad42fe7"}
,"/Users/abdularifin/Desktop/IP-RMT46/server/controller/cart.js": {"path":"/Users/abdularifin/Desktop/IP-RMT46/server/controller/cart.js","statementMap":{"0":{"start":{"line":1,"column":29},"end":{"line":1,"column":49}},"1":{"start":{"line":2,"column":14},"end":{"line":2,"column":30}},"2":{"start":{"line":3,"column":0},"end":{"line":3,"column":27}},"3":{"start":{"line":4,"column":12},"end":{"line":4,"column":31}},"4":{"start":{"line":8,"column":4},"end":{"line":31,"column":5}},"5":{"start":{"line":9,"column":21},"end":{"line":9,"column":31}},"6":{"start":{"line":10,"column":23},"end":{"line":10,"column":31}},"7":{"start":{"line":12,"column":6},"end":{"line":12,"column":71}},"8":{"start":{"line":12,"column":17},"end":{"line":12,"column":71}},"9":{"start":{"line":13,"column":19},"end":{"line":15,"column":7}},"10":{"start":{"line":16,"column":19},"end":{"line":24,"column":7}},"11":{"start":{"line":26,"column":22},"end":{"line":26,"column":45}},"12":{"start":{"line":28,"column":6},"end":{"line":28,"column":74}},"13":{"start":{"line":30,"column":6},"end":{"line":30,"column":18}},"14":{"start":{"line":34,"column":4},"end":{"line":52,"column":5}},"15":{"start":{"line":35,"column":21},"end":{"line":35,"column":31}},"16":{"start":{"line":36,"column":23},"end":{"line":36,"column":31}},"17":{"start":{"line":38,"column":20},"end":{"line":38,"column":43}},"18":{"start":{"line":40,"column":6},"end":{"line":40,"column":68}},"19":{"start":{"line":40,"column":18},"end":{"line":40,"column":68}},"20":{"start":{"line":41,"column":6},"end":{"line":41,"column":25}},"21":{"start":{"line":44,"column":6},"end":{"line":44,"column":63}},"22":{"start":{"line":45,"column":22},"end":{"line":45,"column":45}},"23":{"start":{"line":47,"column":6},"end":{"line":49,"column":9}},"24":{"start":{"line":51,"column":6},"end":{"line":51,"column":18}},"25":{"start":{"line":55,"column":4},"end":{"line":64,"column":5}},"26":{"start":{"line":56,"column":21},"end":{"line":56,"column":31}},"27":{"start":{"line":58,"column":19},"end":{"line":58,"column":42}},"28":{"start":{"line":59,"column":6},"end":{"line":59,"column":71}},"29":{"start":{"line":59,"column":17},"end":{"line":59,"column":71}},"30":{"start":{"line":60,"column":6},"end":{"line":60,"column":48}},"31":{"start":{"line":61,"column":6},"end":{"line":61,"column":73}},"32":{"start":{"line":63,"column":6},"end":{"line":63,"column":18}},"33":{"start":{"line":67,"column":4},"end":{"line":72,"column":5}},"34":{"start":{"line":68,"column":19},"end":{"line":68,"column":73}},"35":{"start":{"line":69,"column":6},"end":{"line":69,"column":33}},"36":{"start":{"line":71,"column":6},"end":{"line":71,"column":18}},"37":{"start":{"line":76,"column":0},"end":{"line":76,"column":32}}},"fnMap":{"0":{"name":"(anonymous_0)","decl":{"start":{"line":7,"column":2},"end":{"line":7,"column":3}},"loc":{"start":{"line":7,"column":39},"end":{"line":32,"column":3}},"line":7},"1":{"name":"(anonymous_1)","decl":{"start":{"line":33,"column":2},"end":{"line":33,"column":3}},"loc":{"start":{"line":33,"column":42},"end":{"line":53,"column":3}},"line":33},"2":{"name":"(anonymous_2)","decl":{"start":{"line":54,"column":2},"end":{"line":54,"column":3}},"loc":{"start":{"line":54,"column":42},"end":{"line":65,"column":3}},"line":54},"3":{"name":"(anonymous_3)","decl":{"start":{"line":66,"column":2},"end":{"line":66,"column":3}},"loc":{"start":{"line":66,"column":39},"end":{"line":73,"column":3}},"line":66}},"branchMap":{"0":{"loc":{"start":{"line":12,"column":6},"end":{"line":12,"column":71}},"type":"if","locations":[{"start":{"line":12,"column":6},"end":{"line":12,"column":71}},{"start":{},"end":{}}],"line":12},"1":{"loc":{"start":{"line":40,"column":6},"end":{"line":40,"column":68}},"type":"if","locations":[{"start":{"line":40,"column":6},"end":{"line":40,"column":68}},{"start":{},"end":{}}],"line":40},"2":{"loc":{"start":{"line":59,"column":6},"end":{"line":59,"column":71}},"type":"if","locations":[{"start":{"line":59,"column":6},"end":{"line":59,"column":71}},{"start":{},"end":{}}],"line":59}},"s":{"0":6,"1":6,"2":6,"3":6,"4":2,"5":2,"6":2,"7":2,"8":1,"9":1,"10":1,"11":1,"12":1,"13":1,"14":1,"15":1,"16":1,"17":1,"18":1,"19":0,"20":1,"21":1,"22":1,"23":1,"24":0,"25":0,"26":0,"27":0,"28":0,"29":0,"30":0,"31":0,"32":0,"33":1,"34":1,"35":1,"36":0,"37":6},"f":{"0":2,"1":1,"2":0,"3":1},"b":{"0":[1,1],"1":[0,1],"2":[0,0]},"_coverageSchema":"1a1c01bbd47fc00a2c39e90264f33305004495a9","hash":"8a5441d8761fba89ca7d974f92fc871fd4bdc02f"}
,"/Users/abdularifin/Desktop/IP-RMT46/server/controller/midtrans.js": {"path":"/Users/abdularifin/Desktop/IP-RMT46/server/controller/midtrans.js","statementMap":{"0":{"start":{"line":1,"column":23},"end":{"line":1,"column":49}},"1":{"start":{"line":2,"column":14},"end":{"line":2,"column":30}},"2":{"start":{"line":3,"column":0},"end":{"line":3,"column":27}},"3":{"start":{"line":4,"column":29},"end":{"line":4,"column":49}},"4":{"start":{"line":5,"column":18},"end":{"line":5,"column":49}},"5":{"start":{"line":6,"column":12},"end":{"line":6,"column":31}},"6":{"start":{"line":9,"column":4},"end":{"line":48,"column":5}},"7":{"start":{"line":10,"column":19},"end":{"line":10,"column":51}},"8":{"start":{"line":11,"column":6},"end":{"line":11,"column":70}},"9":{"start":{"line":11,"column":17},"end":{"line":11,"column":70}},"10":{"start":{"line":12,"column":19},"end":{"line":12,"column":39}},"11":{"start":{"line":13,"column":20},"end":{"line":15,"column":8}},"12":{"start":{"line":14,"column":8},"end":{"line":14,"column":24}},"13":{"start":{"line":16,"column":18},"end":{"line":19,"column":7}},"14":{"start":{"line":17,"column":39},"end":{"line":17,"column":65}},"15":{"start":{"line":21,"column":17},"end":{"line":24,"column":8}},"16":{"start":{"line":25,"column":22},"end":{"line":40,"column":7}},"17":{"start":{"line":43,"column":28},"end":{"line":43,"column":67}},"18":{"start":{"line":45,"column":6},"end":{"line":45,"column":42}},"19":{"start":{"line":47,"column":6},"end":{"line":47,"column":18}},"20":{"start":{"line":51,"column":0},"end":{"line":51,"column":36}}},"fnMap":{"0":{"name":"(anonymous_0)","decl":{"start":{"line":8,"column":2},"end":{"line":8,"column":3}},"loc":{"start":{"line":8,"column":45},"end":{"line":49,"column":3}},"line":8},"1":{"name":"(anonymous_1)","decl":{"start":{"line":13,"column":29},"end":{"line":13,"column":30}},"loc":{"start":{"line":13,"column":37},"end":{"line":15,"column":7}},"line":13},"2":{"name":"(anonymous_2)","decl":{"start":{"line":17,"column":8},"end":{"line":17,"column":9}},"loc":{"start":{"line":17,"column":39},"end":{"line":17,"column":65}},"line":17}},"branchMap":{"0":{"loc":{"start":{"line":11,"column":6},"end":{"line":11,"column":70}},"type":"if","locations":[{"start":{"line":11,"column":6},"end":{"line":11,"column":70}},{"start":{},"end":{}}],"line":11}},"s":{"0":6,"1":6,"2":6,"3":6,"4":6,"5":6,"6":0,"7":0,"8":0,"9":0,"10":0,"11":0,"12":0,"13":0,"14":0,"15":0,"16":0,"17":0,"18":0,"19":0,"20":6},"f":{"0":0,"1":0,"2":0},"b":{"0":[0,0]},"_coverageSchema":"1a1c01bbd47fc00a2c39e90264f33305004495a9","hash":"1f4fb5edd389132a824cc03af8358ffad4f8eda0"}
,"/Users/abdularifin/Desktop/IP-RMT46/server/helper/bcrypt.js": {"path":"/Users/abdularifin/Desktop/IP-RMT46/server/helper/bcrypt.js","statementMap":{"0":{"start":{"line":1,"column":15},"end":{"line":1,"column":34}},"1":{"start":{"line":3,"column":21},"end":{"line":6,"column":1}},"2":{"start":{"line":4,"column":15},"end":{"line":4,"column":37}},"3":{"start":{"line":5,"column":2},"end":{"line":5,"column":41}},"4":{"start":{"line":8,"column":24},"end":{"line":10,"column":1}},"5":{"start":{"line":9,"column":2},"end":{"line":9,"column":54}},"6":{"start":{"line":12,"column":0},"end":{"line":15,"column":2}}},"fnMap":{"0":{"name":"(anonymous_0)","decl":{"start":{"line":3,"column":21},"end":{"line":3,"column":22}},"loc":{"start":{"line":3,"column":35},"end":{"line":6,"column":1}},"line":3},"1":{"name":"(anonymous_1)","decl":{"start":{"line":8,"column":24},"end":{"line":8,"column":25}},"loc":{"start":{"line":8,"column":54},"end":{"line":10,"column":1}},"line":8}},"branchMap":{},"s":{"0":6,"1":6,"2":10,"3":10,"4":6,"5":2,"6":6},"f":{"0":10,"1":2},"b":{},"_coverageSchema":"1a1c01bbd47fc00a2c39e90264f33305004495a9","hash":"3290e2f3f2913c19244e119ad4469ca3724c52c3"}
,"/Users/abdularifin/Desktop/IP-RMT46/server/helper/jwt.js": {"path":"/Users/abdularifin/Desktop/IP-RMT46/server/helper/jwt.js","statementMap":{"0":{"start":{"line":1,"column":12},"end":{"line":1,"column":35}},"1":{"start":{"line":2,"column":0},"end":{"line":2,"column":27}},"2":{"start":{"line":3,"column":15},"end":{"line":3,"column":37}},"3":{"start":{"line":4,"column":18},"end":{"line":6,"column":1}},"4":{"start":{"line":5,"column":2},"end":{"line":5,"column":32}},"5":{"start":{"line":8,"column":20},"end":{"line":10,"column":1}},"6":{"start":{"line":9,"column":2},"end":{"line":9,"column":35}},"7":{"start":{"line":12,"column":0},"end":{"line":15,"column":2}}},"fnMap":{"0":{"name":"(anonymous_0)","decl":{"start":{"line":4,"column":18},"end":{"line":4,"column":19}},"loc":{"start":{"line":4,"column":28},"end":{"line":6,"column":1}},"line":4},"1":{"name":"(anonymous_1)","decl":{"start":{"line":8,"column":20},"end":{"line":8,"column":21}},"loc":{"start":{"line":8,"column":31},"end":{"line":10,"column":1}},"line":8}},"branchMap":{},"s":{"0":6,"1":6,"2":6,"3":6,"4":7,"5":6,"6":8,"7":6},"f":{"0":7,"1":8},"b":{},"_coverageSchema":"1a1c01bbd47fc00a2c39e90264f33305004495a9","hash":"d408f53055a833d1e93549f54fd57209dc7569d0"}
,"/Users/abdularifin/Desktop/IP-RMT46/server/midleware/authentication.js": {"path":"/Users/abdularifin/Desktop/IP-RMT46/server/midleware/authentication.js","statementMap":{"0":{"start":{"line":1,"column":24},"end":{"line":1,"column":48}},"1":{"start":{"line":2,"column":17},"end":{"line":2,"column":37}},"2":{"start":{"line":4,"column":23},"end":{"line":19,"column":1}},"3":{"start":{"line":5,"column":2},"end":{"line":18,"column":3}},"4":{"start":{"line":6,"column":24},"end":{"line":6,"column":49}},"5":{"start":{"line":7,"column":4},"end":{"line":7,"column":75}},"6":{"start":{"line":7,"column":22},"end":{"line":7,"column":75}},"7":{"start":{"line":8,"column":25},"end":{"line":8,"column":60}},"8":{"start":{"line":9,"column":4},"end":{"line":9,"column":76}},"9":{"start":{"line":9,"column":23},"end":{"line":9,"column":76}},"10":{"start":{"line":10,"column":19},"end":{"line":10,"column":44}},"11":{"start":{"line":11,"column":17},"end":{"line":11,"column":40}},"12":{"start":{"line":13,"column":4},"end":{"line":13,"column":68}},"13":{"start":{"line":13,"column":15},"end":{"line":13,"column":68}},"14":{"start":{"line":14,"column":4},"end":{"line":14,"column":20}},"15":{"start":{"line":15,"column":4},"end":{"line":15,"column":11}},"16":{"start":{"line":17,"column":4},"end":{"line":17,"column":16}},"17":{"start":{"line":20,"column":0},"end":{"line":20,"column":32}}},"fnMap":{"0":{"name":"(anonymous_0)","decl":{"start":{"line":4,"column":23},"end":{"line":4,"column":24}},"loc":{"start":{"line":4,"column":49},"end":{"line":19,"column":1}},"line":4}},"branchMap":{"0":{"loc":{"start":{"line":7,"column":4},"end":{"line":7,"column":75}},"type":"if","locations":[{"start":{"line":7,"column":4},"end":{"line":7,"column":75}},{"start":{},"end":{}}],"line":7},"1":{"loc":{"start":{"line":9,"column":4},"end":{"line":9,"column":76}},"type":"if","locations":[{"start":{"line":9,"column":4},"end":{"line":9,"column":76}},{"start":{},"end":{}}],"line":9},"2":{"loc":{"start":{"line":13,"column":4},"end":{"line":13,"column":68}},"type":"if","locations":[{"start":{"line":13,"column":4},"end":{"line":13,"column":68}},{"start":{},"end":{}}],"line":13}},"s":{"0":6,"1":6,"2":6,"3":11,"4":11,"5":11,"6":3,"7":8,"8":8,"9":0,"10":8,"11":7,"12":7,"13":0,"14":7,"15":7,"16":4,"17":6},"f":{"0":11},"b":{"0":[3,8],"1":[0,8],"2":[0,7]},"_coverageSchema":"1a1c01bbd47fc00a2c39e90264f33305004495a9","hash":"5c48f36234592f6a7704d48d57a0903e37bb63e1"}
,"/Users/abdularifin/Desktop/IP-RMT46/server/midleware/authorization-cart.js": {"path":"/Users/abdularifin/Desktop/IP-RMT46/server/midleware/authorization-cart.js","statementMap":{"0":{"start":{"line":1,"column":29},"end":{"line":1,"column":49}},"1":{"start":{"line":4,"column":26},"end":{"line":26,"column":1}},"2":{"start":{"line":5,"column":2},"end":{"line":25,"column":3}},"3":{"start":{"line":6,"column":19},"end":{"line":6,"column":29}},"4":{"start":{"line":7,"column":19},"end":{"line":7,"column":30}},"5":{"start":{"line":8,"column":17},"end":{"line":8,"column":40}},"6":{"start":{"line":11,"column":4},"end":{"line":13,"column":5}},"7":{"start":{"line":12,"column":6},"end":{"line":12,"column":56}},"8":{"start":{"line":15,"column":4},"end":{"line":20,"column":5}},"9":{"start":{"line":16,"column":6},"end":{"line":19,"column":8}},"10":{"start":{"line":21,"column":4},"end":{"line":21,"column":20}},"11":{"start":{"line":22,"column":4},"end":{"line":22,"column":11}},"12":{"start":{"line":24,"column":4},"end":{"line":24,"column":16}},"13":{"start":{"line":27,"column":0},"end":{"line":27,"column":35}}},"fnMap":{"0":{"name":"(anonymous_0)","decl":{"start":{"line":4,"column":26},"end":{"line":4,"column":27}},"loc":{"start":{"line":4,"column":52},"end":{"line":26,"column":1}},"line":4}},"branchMap":{"0":{"loc":{"start":{"line":11,"column":4},"end":{"line":13,"column":5}},"type":"if","locations":[{"start":{"line":11,"column":4},"end":{"line":13,"column":5}},{"start":{},"end":{}}],"line":11},"1":{"loc":{"start":{"line":15,"column":4},"end":{"line":20,"column":5}},"type":"if","locations":[{"start":{"line":15,"column":4},"end":{"line":20,"column":5}},{"start":{},"end":{}}],"line":15}},"s":{"0":6,"1":6,"2":3,"3":3,"4":3,"5":3,"6":3,"7":2,"8":1,"9":0,"10":1,"11":1,"12":2,"13":6},"f":{"0":3},"b":{"0":[2,1],"1":[0,1]},"_coverageSchema":"1a1c01bbd47fc00a2c39e90264f33305004495a9","hash":"5f6fcae1f37848df024a25829829db3e79e5cd7c"}
,"/Users/abdularifin/Desktop/IP-RMT46/server/midleware/authorization.js": {"path":"/Users/abdularifin/Desktop/IP-RMT46/server/midleware/authorization.js","statementMap":{"0":{"start":{"line":1,"column":29},"end":{"line":1,"column":49}},"1":{"start":{"line":4,"column":26},"end":{"line":28,"column":1}},"2":{"start":{"line":5,"column":2},"end":{"line":27,"column":3}},"3":{"start":{"line":6,"column":19},"end":{"line":6,"column":29}},"4":{"start":{"line":7,"column":19},"end":{"line":7,"column":30}},"5":{"start":{"line":9,"column":21},"end":{"line":9,"column":44}},"6":{"start":{"line":12,"column":4},"end":{"line":14,"column":5}},"7":{"start":{"line":13,"column":6},"end":{"line":13,"column":56}},"8":{"start":{"line":17,"column":4},"end":{"line":22,"column":5}},"9":{"start":{"line":18,"column":6},"end":{"line":21,"column":8}},"10":{"start":{"line":23,"column":4},"end":{"line":23,"column":24}},"11":{"start":{"line":24,"column":4},"end":{"line":24,"column":11}},"12":{"start":{"line":26,"column":4},"end":{"line":26,"column":16}},"13":{"start":{"line":29,"column":0},"end":{"line":29,"column":35}}},"fnMap":{"0":{"name":"(anonymous_0)","decl":{"start":{"line":4,"column":26},"end":{"line":4,"column":27}},"loc":{"start":{"line":4,"column":52},"end":{"line":28,"column":1}},"line":4}},"branchMap":{"0":{"loc":{"start":{"line":12,"column":4},"end":{"line":14,"column":5}},"type":"if","locations":[{"start":{"line":12,"column":4},"end":{"line":14,"column":5}},{"start":{},"end":{}}],"line":12},"1":{"loc":{"start":{"line":17,"column":4},"end":{"line":22,"column":5}},"type":"if","locations":[{"start":{"line":17,"column":4},"end":{"line":22,"column":5}},{"start":{},"end":{}}],"line":17}},"s":{"0":6,"1":6,"2":0,"3":0,"4":0,"5":0,"6":0,"7":0,"8":0,"9":0,"10":0,"11":0,"12":0,"13":6},"f":{"0":0},"b":{"0":[0,0],"1":[0,0]},"_coverageSchema":"1a1c01bbd47fc00a2c39e90264f33305004495a9","hash":"9d1b2e9fc461ba629add8d6ddad3505afd62b6c9"}
,"/Users/abdularifin/Desktop/IP-RMT46/server/midleware/errorHandling.js": {"path":"/Users/abdularifin/Desktop/IP-RMT46/server/midleware/errorHandling.js","statementMap":{"0":{"start":{"line":1,"column":21},"end":{"line":20,"column":1}},"1":{"start":{"line":2,"column":2},"end":{"line":2,"column":60}},"2":{"start":{"line":3,"column":2},"end":{"line":19,"column":3}},"3":{"start":{"line":6,"column":6},"end":{"line":6,"column":72}},"4":{"start":{"line":8,"column":6},"end":{"line":8,"column":64}},"5":{"start":{"line":10,"column":6},"end":{"line":10,"column":58}},"6":{"start":{"line":12,"column":6},"end":{"line":12,"column":58}},"7":{"start":{"line":14,"column":6},"end":{"line":14,"column":58}},"8":{"start":{"line":16,"column":6},"end":{"line":16,"column":58}},"9":{"start":{"line":18,"column":6},"end":{"line":18,"column":72}},"10":{"start":{"line":22,"column":0},"end":{"line":22,"column":30}}},"fnMap":{"0":{"name":"(anonymous_0)","decl":{"start":{"line":1,"column":21},"end":{"line":1,"column":22}},"loc":{"start":{"line":1,"column":54},"end":{"line":20,"column":1}},"line":1}},"branchMap":{"0":{"loc":{"start":{"line":3,"column":2},"end":{"line":19,"column":3}},"type":"switch","locations":[{"start":{"line":4,"column":4},"end":{"line":4,"column":42}},{"start":{"line":5,"column":4},"end":{"line":6,"column":72}},{"start":{"line":7,"column":4},"end":{"line":8,"column":64}},{"start":{"line":9,"column":4},"end":{"line":10,"column":58}},{"start":{"line":11,"column":4},"end":{"line":12,"column":58}},{"start":{"line":13,"column":4},"end":{"line":14,"column":58}},{"start":{"line":15,"column":4},"end":{"line":16,"column":58}},{"start":{"line":17,"column":4},"end":{"line":18,"column":72}}],"line":3}},"s":{"0":6,"1":17,"2":17,"3":6,"4":1,"5":3,"6":5,"7":2,"8":0,"9":0,"10":6},"f":{"0":17},"b":{"0":[1,6,1,3,5,2,0,0]},"_coverageSchema":"1a1c01bbd47fc00a2c39e90264f33305004495a9","hash":"d8a7ad5e0026b24e6952951c9da4178506a776f3"}
,"/Users/abdularifin/Desktop/IP-RMT46/server/models/cart.js": {"path":"/Users/abdularifin/Desktop/IP-RMT46/server/models/cart.js","statementMap":{"0":{"start":{"line":2,"column":18},"end":{"line":2,"column":38}},"1":{"start":{"line":3,"column":0},"end":{"line":73,"column":2}},"2":{"start":{"line":11,"column":6},"end":{"line":11,"column":60}},"3":{"start":{"line":14,"column":2},"end":{"line":71,"column":4}},"4":{"start":{"line":55,"column":10},"end":{"line":67,"column":11}},"5":{"start":{"line":56,"column":12},"end":{"line":56,"column":34}},"6":{"start":{"line":57,"column":17},"end":{"line":67,"column":11}},"7":{"start":{"line":58,"column":12},"end":{"line":58,"column":34}},"8":{"start":{"line":59,"column":17},"end":{"line":67,"column":11}},"9":{"start":{"line":60,"column":12},"end":{"line":60,"column":34}},"10":{"start":{"line":61,"column":17},"end":{"line":67,"column":11}},"11":{"start":{"line":62,"column":12},"end":{"line":62,"column":34}},"12":{"start":{"line":63,"column":17},"end":{"line":67,"column":11}},"13":{"start":{"line":64,"column":12},"end":{"line":64,"column":34}},"14":{"start":{"line":65,"column":17},"end":{"line":67,"column":11}},"15":{"start":{"line":66,"column":12},"end":{"line":66,"column":34}},"16":{"start":{"line":72,"column":2},"end":{"line":72,"column":14}}},"fnMap":{"0":{"name":"(anonymous_0)","decl":{"start":{"line":3,"column":17},"end":{"line":3,"column":18}},"loc":{"start":{"line":3,"column":43},"end":{"line":73,"column":1}},"line":3},"1":{"name":"(anonymous_1)","decl":{"start":{"line":10,"column":4},"end":{"line":10,"column":5}},"loc":{"start":{"line":10,"column":29},"end":{"line":12,"column":5}},"line":10},"2":{"name":"(anonymous_2)","decl":{"start":{"line":54,"column":8},"end":{"line":54,"column":9}},"loc":{"start":{"line":54,"column":28},"end":{"line":68,"column":9}},"line":54}},"branchMap":{"0":{"loc":{"start":{"line":55,"column":10},"end":{"line":67,"column":11}},"type":"if","locations":[{"start":{"line":55,"column":10},"end":{"line":67,"column":11}},{"start":{"line":57,"column":17},"end":{"line":67,"column":11}}],"line":55},"1":{"loc":{"start":{"line":57,"column":17},"end":{"line":67,"column":11}},"type":"if","locations":[{"start":{"line":57,"column":17},"end":{"line":67,"column":11}},{"start":{"line":59,"column":17},"end":{"line":67,"column":11}}],"line":57},"2":{"loc":{"start":{"line":59,"column":17},"end":{"line":67,"column":11}},"type":"if","locations":[{"start":{"line":59,"column":17},"end":{"line":67,"column":11}},{"start":{"line":61,"column":17},"end":{"line":67,"column":11}}],"line":59},"3":{"loc":{"start":{"line":61,"column":17},"end":{"line":67,"column":11}},"type":"if","locations":[{"start":{"line":61,"column":17},"end":{"line":67,"column":11}},{"start":{"line":63,"column":17},"end":{"line":67,"column":11}}],"line":61},"4":{"loc":{"start":{"line":63,"column":17},"end":{"line":67,"column":11}},"type":"if","locations":[{"start":{"line":63,"column":17},"end":{"line":67,"column":11}},{"start":{"line":65,"column":17},"end":{"line":67,"column":11}}],"line":63},"5":{"loc":{"start":{"line":65,"column":17},"end":{"line":67,"column":11}},"type":"if","locations":[{"start":{"line":65,"column":17},"end":{"line":67,"column":11}},{"start":{},"end":{}}],"line":65}},"s":{"0":6,"1":6,"2":6,"3":6,"4":1,"5":0,"6":1,"7":1,"8":0,"9":0,"10":0,"11":0,"12":0,"13":0,"14":0,"15":0,"16":6},"f":{"0":6,"1":6,"2":1},"b":{"0":[0,1],"1":[1,0],"2":[0,0],"3":[0,0],"4":[0,0],"5":[0,0]},"_coverageSchema":"1a1c01bbd47fc00a2c39e90264f33305004495a9","hash":"69dfec291dc55f8a444c30b16dc793f7e56c6c0e"}
,"/Users/abdularifin/Desktop/IP-RMT46/server/models/game.js": {"path":"/Users/abdularifin/Desktop/IP-RMT46/server/models/game.js","statementMap":{"0":{"start":{"line":2,"column":18},"end":{"line":2,"column":38}},"1":{"start":{"line":3,"column":0},"end":{"line":53,"column":2}},"2":{"start":{"line":12,"column":6},"end":{"line":12,"column":60}},"3":{"start":{"line":15,"column":2},"end":{"line":51,"column":4}},"4":{"start":{"line":52,"column":2},"end":{"line":52,"column":14}}},"fnMap":{"0":{"name":"(anonymous_0)","decl":{"start":{"line":3,"column":17},"end":{"line":3,"column":18}},"loc":{"start":{"line":3,"column":43},"end":{"line":53,"column":1}},"line":3},"1":{"name":"(anonymous_1)","decl":{"start":{"line":10,"column":4},"end":{"line":10,"column":5}},"loc":{"start":{"line":10,"column":29},"end":{"line":13,"column":5}},"line":10}},"branchMap":{},"s":{"0":6,"1":6,"2":6,"3":6,"4":6},"f":{"0":6,"1":6},"b":{},"_coverageSchema":"1a1c01bbd47fc00a2c39e90264f33305004495a9","hash":"fa3cde357db830bc9beb1d5d52e296ff6348b2ae"}
,"/Users/abdularifin/Desktop/IP-RMT46/server/models/index.js": {"path":"/Users/abdularifin/Desktop/IP-RMT46/server/models/index.js","statementMap":{"0":{"start":{"line":3,"column":11},"end":{"line":3,"column":24}},"1":{"start":{"line":4,"column":13},"end":{"line":4,"column":28}},"2":{"start":{"line":5,"column":18},"end":{"line":5,"column":38}},"3":{"start":{"line":6,"column":16},"end":{"line":6,"column":34}},"4":{"start":{"line":7,"column":17},"end":{"line":7,"column":42}},"5":{"start":{"line":8,"column":12},"end":{"line":8,"column":49}},"6":{"start":{"line":9,"column":15},"end":{"line":9,"column":65}},"7":{"start":{"line":10,"column":11},"end":{"line":10,"column":13}},"8":{"start":{"line":13,"column":0},"end":{"line":17,"column":1}},"9":{"start":{"line":14,"column":2},"end":{"line":14,"column":74}},"10":{"start":{"line":16,"column":2},"end":{"line":16,"column":87}},"11":{"start":{"line":19,"column":0},"end":{"line":32,"column":5}},"12":{"start":{"line":22,"column":4},"end":{"line":27,"column":6}},"13":{"start":{"line":30,"column":18},"end":{"line":30,"column":85}},"14":{"start":{"line":31,"column":4},"end":{"line":31,"column":27}},"15":{"start":{"line":34,"column":0},"end":{"line":38,"column":3}},"16":{"start":{"line":35,"column":2},"end":{"line":37,"column":3}},"17":{"start":{"line":36,"column":4},"end":{"line":36,"column":32}},"18":{"start":{"line":40,"column":0},"end":{"line":40,"column":25}},"19":{"start":{"line":41,"column":0},"end":{"line":41,"column":25}},"20":{"start":{"line":43,"column":0},"end":{"line":43,"column":20}}},"fnMap":{"0":{"name":"(anonymous_0)","decl":{"start":{"line":21,"column":10},"end":{"line":21,"column":11}},"loc":{"start":{"line":21,"column":18},"end":{"line":28,"column":3}},"line":21},"1":{"name":"(anonymous_1)","decl":{"start":{"line":29,"column":11},"end":{"line":29,"column":12}},"loc":{"start":{"line":29,"column":19},"end":{"line":32,"column":3}},"line":29},"2":{"name":"(anonymous_2)","decl":{"start":{"line":34,"column":24},"end":{"line":34,"column":25}},"loc":{"start":{"line":34,"column":37},"end":{"line":38,"column":1}},"line":34}},"branchMap":{"0":{"loc":{"start":{"line":8,"column":12},"end":{"line":8,"column":49}},"type":"binary-expr","locations":[{"start":{"line":8,"column":12},"end":{"line":8,"column":32}},{"start":{"line":8,"column":36},"end":{"line":8,"column":49}}],"line":8},"1":{"loc":{"start":{"line":13,"column":0},"end":{"line":17,"column":1}},"type":"if","locations":[{"start":{"line":13,"column":0},"end":{"line":17,"column":1}},{"start":{"line":15,"column":7},"end":{"line":17,"column":1}}],"line":13},"2":{"loc":{"start":{"line":23,"column":6},"end":{"line":26,"column":37}},"type":"binary-expr","locations":[{"start":{"line":23,"column":6},"end":{"line":23,"column":29}},{"start":{"line":24,"column":6},"end":{"line":24,"column":23}},{"start":{"line":25,"column":6},"end":{"line":25,"column":30}},{"start":{"line":26,"column":6},"end":{"line":26,"column":37}}],"line":23},"3":{"loc":{"start":{"line":35,"column":2},"end":{"line":37,"column":3}},"type":"if","locations":[{"start":{"line":35,"column":2},"end":{"line":37,"column":3}},{"start":{},"end":{}}],"line":35}},"s":{"0":6,"1":6,"2":6,"3":6,"4":6,"5":6,"6":6,"7":6,"8":6,"9":0,"10":6,"11":6,"12":24,"13":18,"14":18,"15":6,"16":18,"17":18,"18":6,"19":6,"20":6},"f":{"0":24,"1":18,"2":18},"b":{"0":[6,0],"1":[0,6],"2":[24,24,18,18],"3":[18,0]},"_coverageSchema":"1a1c01bbd47fc00a2c39e90264f33305004495a9","hash":"33a2075257f0e3c351ac8892b6992f7184d180f8"}
,"/Users/abdularifin/Desktop/IP-RMT46/server/models/user.js": {"path":"/Users/abdularifin/Desktop/IP-RMT46/server/models/user.js","statementMap":{"0":{"start":{"line":2,"column":18},"end":{"line":2,"column":38}},"1":{"start":{"line":3,"column":25},"end":{"line":3,"column":52}},"2":{"start":{"line":4,"column":0},"end":{"line":73,"column":2}},"3":{"start":{"line":13,"column":6},"end":{"line":13,"column":58}},"4":{"start":{"line":14,"column":6},"end":{"line":14,"column":58}},"5":{"start":{"line":17,"column":2},"end":{"line":71,"column":4}},"6":{"start":{"line":67,"column":10},"end":{"line":67,"column":56}},"7":{"start":{"line":72,"column":2},"end":{"line":72,"column":14}}},"fnMap":{"0":{"name":"(anonymous_0)","decl":{"start":{"line":4,"column":17},"end":{"line":4,"column":18}},"loc":{"start":{"line":4,"column":43},"end":{"line":73,"column":1}},"line":4},"1":{"name":"(anonymous_1)","decl":{"start":{"line":11,"column":4},"end":{"line":11,"column":5}},"loc":{"start":{"line":11,"column":29},"end":{"line":15,"column":5}},"line":11},"2":{"name":"(anonymous_2)","decl":{"start":{"line":66,"column":8},"end":{"line":66,"column":9}},"loc":{"start":{"line":66,"column":28},"end":{"line":68,"column":9}},"line":66}},"branchMap":{},"s":{"0":6,"1":6,"2":6,"3":6,"4":6,"5":6,"6":2,"7":6},"f":{"0":6,"1":6,"2":2},"b":{},"_coverageSchema":"1a1c01bbd47fc00a2c39e90264f33305004495a9","hash":"2f9009d2468816f6a13e3bad1a57147ee75a25ca"}
,"/Users/abdularifin/Desktop/IP-RMT46/server/router/cart.js": {"path":"/Users/abdularifin/Desktop/IP-RMT46/server/router/cart.js","statementMap":{"0":{"start":{"line":1,"column":16},"end":{"line":1,"column":34}},"1":{"start":{"line":3,"column":23},"end":{"line":3,"column":52}},"2":{"start":{"line":4,"column":26},"end":{"line":4,"column":68}},"3":{"start":{"line":5,"column":15},"end":{"line":5,"column":31}},"4":{"start":{"line":7,"column":0},"end":{"line":7,"column":44}},"5":{"start":{"line":8,"column":0},"end":{"line":8,"column":53}},"6":{"start":{"line":9,"column":0},"end":{"line":9,"column":77}},"7":{"start":{"line":10,"column":0},"end":{"line":10,"column":80}},"8":{"start":{"line":12,"column":0},"end":{"line":12,"column":24}}},"fnMap":{},"branchMap":{},"s":{"0":6,"1":6,"2":6,"3":6,"4":6,"5":6,"6":6,"7":6,"8":6},"f":{},"b":{},"_coverageSchema":"1a1c01bbd47fc00a2c39e90264f33305004495a9","hash":"79bd4f2bb7307f2ecd5aade86c7a45fde7c6a607"}
,"/Users/abdularifin/Desktop/IP-RMT46/server/router/game.js": {"path":"/Users/abdularifin/Desktop/IP-RMT46/server/router/game.js","statementMap":{"0":{"start":{"line":1,"column":16},"end":{"line":1,"column":34}},"1":{"start":{"line":3,"column":24},"end":{"line":3,"column":54}},"2":{"start":{"line":4,"column":26},"end":{"line":4,"column":63}},"3":{"start":{"line":5,"column":15},"end":{"line":5,"column":31}},"4":{"start":{"line":7,"column":0},"end":{"line":7,"column":50}},"5":{"start":{"line":8,"column":0},"end":{"line":8,"column":48}},"6":{"start":{"line":9,"column":0},"end":{"line":9,"column":78}},"7":{"start":{"line":11,"column":0},"end":{"line":11,"column":24}}},"fnMap":{},"branchMap":{},"s":{"0":6,"1":6,"2":6,"3":6,"4":6,"5":6,"6":6,"7":6},"f":{},"b":{},"_coverageSchema":"1a1c01bbd47fc00a2c39e90264f33305004495a9","hash":"81ab11b293c67710feb2ae55cda7b79cf749d21a"}
,"/Users/abdularifin/Desktop/IP-RMT46/server/router/index.js": {"path":"/Users/abdularifin/Desktop/IP-RMT46/server/router/index.js","statementMap":{"0":{"start":{"line":1,"column":16},"end":{"line":1,"column":34}},"1":{"start":{"line":2,"column":23},"end":{"line":2,"column":52}},"2":{"start":{"line":3,"column":24},"end":{"line":3,"column":54}},"3":{"start":{"line":4,"column":21},"end":{"line":4,"column":58}},"4":{"start":{"line":5,"column":23},"end":{"line":5,"column":61}},"5":{"start":{"line":6,"column":22},"end":{"line":6,"column":59}},"6":{"start":{"line":7,"column":27},"end":{"line":7,"column":60}},"7":{"start":{"line":8,"column":23},"end":{"line":8,"column":52}},"8":{"start":{"line":9,"column":15},"end":{"line":9,"column":31}},"9":{"start":{"line":10,"column":19},"end":{"line":10,"column":36}},"10":{"start":{"line":11,"column":19},"end":{"line":11,"column":36}},"11":{"start":{"line":12,"column":19},"end":{"line":12,"column":36}},"12":{"start":{"line":13,"column":0},"end":{"line":13,"column":23}},"13":{"start":{"line":14,"column":0},"end":{"line":14,"column":27}},"14":{"start":{"line":15,"column":0},"end":{"line":15,"column":54}},"15":{"start":{"line":16,"column":0},"end":{"line":16,"column":23}},"16":{"start":{"line":17,"column":0},"end":{"line":17,"column":23}},"17":{"start":{"line":18,"column":0},"end":{"line":18,"column":74}},"18":{"start":{"line":20,"column":0},"end":{"line":20,"column":25}},"19":{"start":{"line":21,"column":0},"end":{"line":21,"column":24}}},"fnMap":{},"branchMap":{},"s":{"0":6,"1":6,"2":6,"3":6,"4":6,"5":6,"6":6,"7":6,"8":6,"9":6,"10":6,"11":6,"12":6,"13":6,"14":6,"15":6,"16":6,"17":6,"18":6,"19":6},"f":{},"b":{},"_coverageSchema":"1a1c01bbd47fc00a2c39e90264f33305004495a9","hash":"d2f2d6ff10aa576f293571ca902758f599f2ffc6"}
,"/Users/abdularifin/Desktop/IP-RMT46/server/router/user.js": {"path":"/Users/abdularifin/Desktop/IP-RMT46/server/router/user.js","statementMap":{"0":{"start":{"line":1,"column":16},"end":{"line":1,"column":34}},"1":{"start":{"line":2,"column":23},"end":{"line":2,"column":52}},"2":{"start":{"line":4,"column":15},"end":{"line":4,"column":31}},"3":{"start":{"line":6,"column":0},"end":{"line":6,"column":50}},"4":{"start":{"line":7,"column":0},"end":{"line":7,"column":44}},"5":{"start":{"line":8,"column":0},"end":{"line":8,"column":57}},"6":{"start":{"line":10,"column":0},"end":{"line":10,"column":24}}},"fnMap":{},"branchMap":{},"s":{"0":6,"1":6,"2":6,"3":6,"4":6,"5":6,"6":6},"f":{},"b":{},"_coverageSchema":"1a1c01bbd47fc00a2c39e90264f33305004495a9","hash":"d299c74a031ed11d0f5dd877bff865ae2f3bdeaf"}
}
