TN:
SF:app.js
FNF:0
FNH:0
DA:1,6
DA:2,6
DA:4,6
DA:5,6
DA:6,6
DA:7,6
DA:8,6
DA:10,6
DA:11,6
DA:12,6
DA:13,6
DA:15,6
LF:12
LH:12
BRDA:1,0,0,6
BRDA:1,0,1,0
BRF:2
BRH:1
end_of_record
TN:
SF:controller/Games.js
FN:8,(anonymous_0)
FN:34,(anonymous_1)
FN:50,(anonymous_2)
FN:59,(anonymous_3)
FN:79,(anonymous_4)
FN:107,(anonymous_5)
FNF:6
FNH:2
FNDA:1,(anonymous_0)
FNDA:20,(anonymous_1)
FNDA:0,(anonymous_2)
FNDA:0,(anonymous_3)
FNDA:0,(anonymous_4)
FNDA:0,(anonymous_5)
DA:1,6
DA:3,6
DA:4,6
DA:5,6
DA:9,1
DA:10,1
DA:11,1
DA:12,1
DA:14,0
DA:16,1
DA:18,0
DA:20,1
DA:22,0
DA:24,1
DA:26,0
DA:28,1
DA:29,1
DA:33,1
DA:35,20
DA:46,0
DA:47,0
DA:51,0
DA:52,0
DA:53,0
DA:54,0
DA:59,0
DA:70,0
DA:71,0
DA:74,0
DA:76,0
DA:80,0
DA:81,0
DA:82,0
DA:84,0
DA:86,0
DA:87,0
DA:90,0
DA:97,0
DA:98,0
DA:100,0
DA:104,0
DA:108,0
DA:109,0
DA:110,0
DA:112,0
DA:116,6
LF:46
LH:16
BRDA:12,0,0,0
BRDA:12,0,1,1
BRDA:16,1,0,0
BRDA:16,1,1,1
BRDA:20,2,0,0
BRDA:20,2,1,1
BRDA:24,3,0,0
BRDA:24,3,1,1
BRDA:53,4,0,0
BRDA:53,4,1,0
BRDA:86,5,0,0
BRDA:86,5,1,0
BRF:12
BRH:4
end_of_record
TN:
SF:controller/User.js
FN:8,(anonymous_0)
FN:21,(anonymous_1)
FN:41,(anonymous_2)
FNF:3
FNH:2
FNDA:7,(anonymous_0)
FNDA:5,(anonymous_1)
FNDA:0,(anonymous_2)
DA:1,6
DA:2,6
DA:3,6
DA:4,6
DA:5,6
DA:6,6
DA:9,7
DA:10,7
DA:11,7
DA:16,1
DA:18,6
DA:22,5
DA:23,5
DA:24,5
DA:25,4
DA:26,1
DA:27,3
DA:28,3
DA:29,1
DA:31,2
DA:33,2
DA:34,1
DA:35,1
DA:36,1
DA:38,4
DA:42,0
DA:43,0
DA:44,0
DA:45,0
DA:49,0
DA:51,0
DA:59,0
DA:60,0
DA:64,0
DA:69,6
LF:35
LH:26
BRDA:24,0,0,1
BRDA:24,0,1,4
BRDA:25,1,0,1
BRDA:25,1,1,3
BRDA:28,2,0,1
BRDA:28,2,1,2
BRDA:33,3,0,1
BRDA:33,3,1,1
BRF:8
BRH:8
end_of_record
TN:
SF:controller/cart.js
FN:7,(anonymous_0)
FN:33,(anonymous_1)
FN:54,(anonymous_2)
FN:66,(anonymous_3)
FNF:4
FNH:3
FNDA:2,(anonymous_0)
FNDA:1,(anonymous_1)
FNDA:0,(anonymous_2)
FNDA:1,(anonymous_3)
DA:1,6
DA:2,6
DA:3,6
DA:4,6
DA:8,2
DA:9,2
DA:10,2
DA:12,2
DA:13,1
DA:16,1
DA:26,1
DA:28,1
DA:30,1
DA:34,1
DA:35,1
DA:36,1
DA:38,1
DA:40,1
DA:41,1
DA:44,1
DA:45,1
DA:47,1
DA:51,0
DA:55,0
DA:56,0
DA:58,0
DA:59,0
DA:60,0
DA:61,0
DA:63,0
DA:67,1
DA:68,1
DA:69,1
DA:71,0
DA:76,6
LF:35
LH:26
BRDA:12,0,0,1
BRDA:12,0,1,1
BRDA:40,1,0,0
BRDA:40,1,1,1
BRDA:59,2,0,0
BRDA:59,2,1,0
BRF:6
BRH:3
end_of_record
TN:
SF:controller/midtrans.js
FN:8,(anonymous_0)
FN:13,(anonymous_1)
FN:17,(anonymous_2)
FNF:3
FNH:0
FNDA:0,(anonymous_0)
FNDA:0,(anonymous_1)
FNDA:0,(anonymous_2)
DA:1,6
DA:2,6
DA:3,6
DA:4,6
DA:5,6
DA:6,6
DA:9,0
DA:10,0
DA:11,0
DA:12,0
DA:13,0
DA:14,0
DA:16,0
DA:17,0
DA:21,0
DA:25,0
DA:43,0
DA:45,0
DA:47,0
DA:51,6
LF:20
LH:7
BRDA:11,0,0,0
BRDA:11,0,1,0
BRF:2
BRH:0
end_of_record
TN:
SF:helper/bcrypt.js
FN:3,(anonymous_0)
FN:8,(anonymous_1)
FNF:2
FNH:2
FNDA:10,(anonymous_0)
FNDA:2,(anonymous_1)
DA:1,6
DA:3,6
DA:4,10
DA:5,10
DA:8,6
DA:9,2
DA:12,6
LF:7
LH:7
BRF:0
BRH:0
end_of_record
TN:
SF:helper/jwt.js
FN:4,(anonymous_0)
FN:8,(anonymous_1)
FNF:2
FNH:2
FNDA:7,(anonymous_0)
FNDA:8,(anonymous_1)
DA:1,6
DA:2,6
DA:3,6
DA:4,6
DA:5,7
DA:8,6
DA:9,8
DA:12,6
LF:8
LH:8
BRF:0
BRH:0
end_of_record
TN:
SF:midleware/authentication.js
FN:4,(anonymous_0)
FNF:1
FNH:1
FNDA:11,(anonymous_0)
DA:1,6
DA:2,6
DA:4,6
DA:5,11
DA:6,11
DA:7,11
DA:8,8
DA:9,8
DA:10,8
DA:11,7
DA:13,7
DA:14,7
DA:15,7
DA:17,4
DA:20,6
LF:15
LH:15
BRDA:7,0,0,3
BRDA:7,0,1,8
BRDA:9,1,0,0
BRDA:9,1,1,8
BRDA:13,2,0,0
BRDA:13,2,1,7
BRF:6
BRH:4
end_of_record
TN:
SF:midleware/authorization-cart.js
FN:4,(anonymous_0)
FNF:1
FNH:1
FNDA:3,(anonymous_0)
DA:1,6
DA:4,6
DA:5,3
DA:6,3
DA:7,3
DA:8,3
DA:11,3
DA:12,2
DA:15,1
DA:16,0
DA:21,1
DA:22,1
DA:24,2
DA:27,6
LF:14
LH:13
BRDA:11,0,0,2
BRDA:11,0,1,1
BRDA:15,1,0,0
BRDA:15,1,1,1
BRF:4
BRH:3
end_of_record
TN:
SF:midleware/authorization.js
FN:4,(anonymous_0)
FNF:1
FNH:0
FNDA:0,(anonymous_0)
DA:1,6
DA:4,6
DA:5,0
DA:6,0
DA:7,0
DA:9,0
DA:12,0
DA:13,0
DA:17,0
DA:18,0
DA:23,0
DA:24,0
DA:26,0
DA:29,6
LF:14
LH:3
BRDA:12,0,0,0
BRDA:12,0,1,0
BRDA:17,1,0,0
BRDA:17,1,1,0
BRF:4
BRH:0
end_of_record
TN:
SF:midleware/errorHandling.js
FN:1,(anonymous_0)
FNF:1
FNH:1
FNDA:17,(anonymous_0)
DA:1,6
DA:2,17
DA:3,17
DA:6,6
DA:8,1
DA:10,3
DA:12,5
DA:14,2
DA:16,0
DA:18,0
DA:22,6
LF:11
LH:9
BRDA:3,0,0,1
BRDA:3,0,1,6
BRDA:3,0,2,1
BRDA:3,0,3,3
BRDA:3,0,4,5
BRDA:3,0,5,2
BRDA:3,0,6,0
BRDA:3,0,7,0
BRF:8
BRH:6
end_of_record
TN:
SF:models/cart.js
FN:3,(anonymous_0)
FN:10,(anonymous_1)
FN:54,(anonymous_2)
FNF:3
FNH:3
FNDA:6,(anonymous_0)
FNDA:6,(anonymous_1)
FNDA:1,(anonymous_2)
DA:2,6
DA:3,6
DA:11,6
DA:14,6
DA:55,1
DA:56,0
DA:57,1
DA:58,1
DA:59,0
DA:60,0
DA:61,0
DA:62,0
DA:63,0
DA:64,0
DA:65,0
DA:66,0
DA:72,6
LF:17
LH:8
BRDA:55,0,0,0
BRDA:55,0,1,1
BRDA:57,1,0,1
BRDA:57,1,1,0
BRDA:59,2,0,0
BRDA:59,2,1,0
BRDA:61,3,0,0
BRDA:61,3,1,0
BRDA:63,4,0,0
BRDA:63,4,1,0
BRDA:65,5,0,0
BRDA:65,5,1,0
BRF:12
BRH:2
end_of_record
TN:
SF:models/game.js
FN:3,(anonymous_0)
FN:10,(anonymous_1)
FNF:2
FNH:2
FNDA:6,(anonymous_0)
FNDA:6,(anonymous_1)
DA:2,6
DA:3,6
DA:12,6
DA:15,6
DA:52,6
LF:5
LH:5
BRF:0
BRH:0
end_of_record
TN:
SF:models/index.js
FN:21,(anonymous_0)
FN:29,(anonymous_1)
FN:34,(anonymous_2)
FNF:3
FNH:3
FNDA:24,(anonymous_0)
FNDA:18,(anonymous_1)
FNDA:18,(anonymous_2)
DA:3,6
DA:4,6
DA:5,6
DA:6,6
DA:7,6
DA:8,6
DA:9,6
DA:10,6
DA:13,6
DA:14,0
DA:16,6
DA:19,6
DA:22,24
DA:30,18
DA:31,18
DA:34,6
DA:35,18
DA:36,18
DA:40,6
DA:41,6
DA:43,6
LF:21
LH:20
BRDA:8,0,0,6
BRDA:8,0,1,0
BRDA:13,1,0,0
BRDA:13,1,1,6
BRDA:23,2,0,24
BRDA:23,2,1,24
BRDA:23,2,2,18
BRDA:23,2,3,18
BRDA:35,3,0,18
BRDA:35,3,1,0
BRF:10
BRH:7
end_of_record
TN:
SF:models/user.js
FN:4,(anonymous_0)
FN:11,(anonymous_1)
FN:66,(anonymous_2)
FNF:3
FNH:3
FNDA:6,(anonymous_0)
FNDA:6,(anonymous_1)
FNDA:2,(anonymous_2)
DA:2,6
DA:3,6
DA:4,6
DA:13,6
DA:14,6
DA:17,6
DA:67,2
DA:72,6
LF:8
LH:8
BRF:0
BRH:0
end_of_record
TN:
SF:router/cart.js
FNF:0
FNH:0
DA:1,6
DA:3,6
DA:4,6
DA:5,6
DA:7,6
DA:8,6
DA:9,6
DA:10,6
DA:12,6
LF:9
LH:9
BRF:0
BRH:0
end_of_record
TN:
SF:router/game.js
FNF:0
FNH:0
DA:1,6
DA:3,6
DA:4,6
DA:5,6
DA:7,6
DA:8,6
DA:9,6
DA:11,6
LF:8
LH:8
BRF:0
BRH:0
end_of_record
TN:
SF:router/index.js
FNF:0
FNH:0
DA:1,6
DA:2,6
DA:3,6
DA:4,6
DA:5,6
DA:6,6
DA:7,6
DA:8,6
DA:9,6
DA:10,6
DA:11,6
DA:12,6
DA:13,6
DA:14,6
DA:15,6
DA:16,6
DA:17,6
DA:18,6
DA:20,6
DA:21,6
LF:20
LH:20
BRF:0
BRH:0
end_of_record
TN:
SF:router/user.js
FNF:0
FNH:0
DA:1,6
DA:2,6
DA:4,6
DA:6,6
DA:7,6
DA:8,6
DA:10,6
LF:7
LH:7
BRF:0
BRH:0
end_of_record
