TN:
SF:app.js
FNF:0
FNH:0
DA:1,6
DA:2,6
DA:4,6
DA:5,6
DA:6,6
DA:7,6
DA:9,6
DA:10,6
DA:12,6
DA:14,6
LF:10
LH:10
BRDA:1,0,0,6
BRDA:1,0,1,0
BRF:2
BRH:1
end_of_record
TN:
SF:controller/Games.js
FN:8,(anonymous_0)
FN:34,(anonymous_1)
FN:50,(anonymous_2)
FN:75,(anonymous_3)
FN:101,(anonymous_4)
FNF:5
FNH:2
FNDA:1,(anonymous_0)
FNDA:20,(anonymous_1)
FNDA:0,(anonymous_2)
FNDA:0,(anonymous_3)
FNDA:0,(anonymous_4)
DA:1,6
DA:3,6
DA:4,6
DA:5,6
DA:9,1
DA:10,1
DA:11,1
DA:12,1
DA:14,0
DA:16,1
DA:18,0
DA:20,1
DA:22,0
DA:24,1
DA:26,0
DA:28,1
DA:29,1
DA:33,1
DA:35,20
DA:46,0
DA:47,0
DA:51,0
DA:52,0
DA:53,0
DA:55,0
DA:58,0
DA:68,0
DA:70,0
DA:72,0
DA:76,0
DA:77,0
DA:78,0
DA:79,0
DA:80,0
DA:83,0
DA:91,0
DA:92,0
DA:94,0
DA:98,0
DA:102,0
DA:103,0
DA:104,0
DA:106,0
DA:110,6
LF:44
LH:16
BRDA:12,0,0,0
BRDA:12,0,1,1
BRDA:16,1,0,0
BRDA:16,1,1,1
BRDA:20,2,0,0
BRDA:20,2,1,1
BRDA:24,3,0,0
BRDA:24,3,1,1
BRF:8
BRH:4
end_of_record
TN:
SF:controller/User.js
FN:8,(anonymous_0)
FN:21,(anonymous_1)
FN:41,(anonymous_2)
FNF:3
FNH:2
FNDA:7,(anonymous_0)
FNDA:5,(anonymous_1)
FNDA:0,(anonymous_2)
DA:1,6
DA:2,6
DA:3,6
DA:4,6
DA:5,6
DA:6,6
DA:9,7
DA:10,7
DA:11,7
DA:16,1
DA:18,6
DA:22,5
DA:23,5
DA:24,5
DA:25,4
DA:26,1
DA:27,3
DA:28,3
DA:29,1
DA:31,2
DA:33,2
DA:34,1
DA:35,1
DA:36,1
DA:38,4
DA:42,0
DA:43,0
DA:44,0
DA:45,0
DA:49,0
DA:51,0
DA:59,0
DA:60,0
DA:64,0
DA:69,6
LF:35
LH:26
BRDA:24,0,0,1
BRDA:24,0,1,4
BRDA:25,1,0,1
BRDA:25,1,1,3
BRDA:28,2,0,1
BRDA:28,2,1,2
BRDA:33,3,0,1
BRDA:33,3,1,1
BRF:8
BRH:8
end_of_record
TN:
SF:controller/cart.js
FN:7,(anonymous_0)
FN:33,(anonymous_1)
FN:62,(anonymous_2)
FN:74,(anonymous_3)
FNF:4
FNH:2
FNDA:2,(anonymous_0)
FNDA:2,(anonymous_1)
FNDA:0,(anonymous_2)
FNDA:0,(anonymous_3)
DA:1,6
DA:2,6
DA:3,6
DA:4,6
DA:8,2
DA:9,2
DA:10,2
DA:12,2
DA:13,1
DA:16,1
DA:26,1
DA:28,1
DA:30,1
DA:34,2
DA:35,2
DA:36,2
DA:38,2
DA:39,1
DA:40,1
DA:41,1
DA:42,1
DA:45,1
DA:52,1
DA:53,1
DA:55,1
DA:59,1
DA:63,0
DA:64,0
DA:66,0
DA:67,0
DA:68,0
DA:69,0
DA:71,0
DA:75,0
DA:76,0
DA:77,0
DA:79,0
DA:84,6
LF:38
LH:27
BRDA:12,0,0,1
BRDA:12,0,1,1
BRDA:38,1,0,1
BRDA:38,1,1,1
BRDA:41,2,0,0
BRDA:41,2,1,1
BRDA:67,3,0,0
BRDA:67,3,1,0
BRF:8
BRH:5
end_of_record
TN:
SF:controller/midtrans.js
FN:8,(anonymous_0)
FN:13,(anonymous_1)
FN:17,(anonymous_2)
FNF:3
FNH:0
FNDA:0,(anonymous_0)
FNDA:0,(anonymous_1)
FNDA:0,(anonymous_2)
DA:1,6
DA:2,6
DA:3,6
DA:4,6
DA:5,6
DA:6,6
DA:9,0
DA:10,0
DA:11,0
DA:12,0
DA:13,0
DA:14,0
DA:16,0
DA:17,0
DA:21,0
DA:25,0
DA:43,0
DA:45,0
DA:47,0
DA:51,6
LF:20
LH:7
BRDA:11,0,0,0
BRDA:11,0,1,0
BRF:2
BRH:0
end_of_record
TN:
SF:helper/bcrypt.js
FN:3,(anonymous_0)
FN:8,(anonymous_1)
FNF:2
FNH:2
FNDA:8,(anonymous_0)
FNDA:2,(anonymous_1)
DA:1,6
DA:3,6
DA:4,8
DA:5,8
DA:8,6
DA:9,2
DA:12,6
LF:7
LH:7
BRF:0
BRH:0
end_of_record
TN:
SF:helper/jwt.js
FN:4,(anonymous_0)
FN:8,(anonymous_1)
FNF:2
FNH:2
FNDA:5,(anonymous_0)
FNDA:6,(anonymous_1)
DA:1,6
DA:2,6
DA:3,6
DA:4,6
DA:5,5
DA:8,6
DA:9,6
DA:12,6
LF:8
LH:8
BRF:0
BRH:0
end_of_record
TN:
SF:midleware/authentication.js
FN:4,(anonymous_0)
FNF:1
FNH:1
FNDA:8,(anonymous_0)
DA:1,6
DA:2,6
DA:4,6
DA:5,8
DA:6,8
DA:7,8
DA:8,6
DA:9,6
DA:10,6
DA:11,6
DA:13,6
DA:14,6
DA:15,6
DA:17,2
DA:20,6
LF:15
LH:15
BRDA:7,0,0,2
BRDA:7,0,1,6
BRDA:9,1,0,0
BRDA:9,1,1,6
BRDA:13,2,0,0
BRDA:13,2,1,6
BRF:6
BRH:4
end_of_record
TN:
SF:midleware/authorization.js
FN:3,(anonymous_0)
FNF:1
FNH:1
FNDA:3,(anonymous_0)
DA:1,6
DA:3,6
DA:4,3
DA:5,3
DA:6,3
DA:7,3
DA:9,3
DA:10,1
DA:13,2
DA:14,0
DA:19,2
DA:20,2
DA:22,1
DA:25,6
LF:14
LH:13
BRDA:9,0,0,1
BRDA:9,0,1,2
BRDA:13,1,0,0
BRDA:13,1,1,2
BRF:4
BRH:3
end_of_record
TN:
SF:midleware/errorHandling.js
FN:1,(anonymous_0)
FNF:1
FNH:1
FNDA:15,(anonymous_0)
DA:1,6
DA:2,15
DA:3,15
DA:6,6
DA:8,0
DA:10,4
DA:12,4
DA:14,1
DA:16,0
DA:18,0
DA:22,6
LF:11
LH:8
BRDA:3,0,0,1
BRDA:3,0,1,6
BRDA:3,0,2,0
BRDA:3,0,3,4
BRDA:3,0,4,4
BRDA:3,0,5,1
BRDA:3,0,6,0
BRDA:3,0,7,0
BRF:8
BRH:5
end_of_record
TN:
SF:models/cart.js
FN:3,(anonymous_0)
FN:10,(anonymous_1)
FN:54,(anonymous_2)
FNF:3
FNH:3
FNDA:6,(anonymous_0)
FNDA:6,(anonymous_1)
FNDA:1,(anonymous_2)
DA:2,6
DA:3,6
DA:11,6
DA:14,6
DA:55,1
DA:56,0
DA:57,1
DA:58,1
DA:59,0
DA:60,0
DA:61,0
DA:62,0
DA:63,0
DA:64,0
DA:65,0
DA:66,0
DA:72,6
LF:17
LH:8
BRDA:55,0,0,0
BRDA:55,0,1,1
BRDA:57,1,0,1
BRDA:57,1,1,0
BRDA:59,2,0,0
BRDA:59,2,1,0
BRDA:61,3,0,0
BRDA:61,3,1,0
BRDA:63,4,0,0
BRDA:63,4,1,0
BRDA:65,5,0,0
BRDA:65,5,1,0
BRF:12
BRH:2
end_of_record
TN:
SF:models/game.js
FN:3,(anonymous_0)
FN:10,(anonymous_1)
FN:51,(anonymous_2)
FN:60,(anonymous_3)
FNF:4
FNH:2
FNDA:6,(anonymous_0)
FNDA:6,(anonymous_1)
FNDA:0,(anonymous_2)
FNDA:0,(anonymous_3)
DA:2,6
DA:3,6
DA:12,6
DA:15,6
DA:52,0
DA:53,0
DA:55,0
DA:57,0
DA:58,0
DA:60,0
DA:61,0
DA:68,6
LF:12
LH:5
BRDA:57,0,0,0
BRDA:57,0,1,0
BRF:2
BRH:0
end_of_record
TN:
SF:models/index.js
FN:21,(anonymous_0)
FN:29,(anonymous_1)
FN:34,(anonymous_2)
FNF:3
FNH:3
FNDA:24,(anonymous_0)
FNDA:18,(anonymous_1)
FNDA:18,(anonymous_2)
DA:3,6
DA:4,6
DA:5,6
DA:6,6
DA:7,6
DA:8,6
DA:9,6
DA:10,6
DA:13,6
DA:14,0
DA:16,6
DA:19,6
DA:22,24
DA:30,18
DA:31,18
DA:34,6
DA:35,18
DA:36,18
DA:40,6
DA:41,6
DA:43,6
LF:21
LH:20
BRDA:8,0,0,6
BRDA:8,0,1,0
BRDA:13,1,0,0
BRDA:13,1,1,6
BRDA:23,2,0,24
BRDA:23,2,1,24
BRDA:23,2,2,18
BRDA:23,2,3,18
BRDA:35,3,0,18
BRDA:35,3,1,0
BRF:10
BRH:7
end_of_record
TN:
SF:models/user.js
FN:4,(anonymous_0)
FN:11,(anonymous_1)
FN:66,(anonymous_2)
FNF:3
FNH:3
FNDA:6,(anonymous_0)
FNDA:6,(anonymous_1)
FNDA:2,(anonymous_2)
DA:2,6
DA:3,6
DA:4,6
DA:13,6
DA:14,6
DA:17,6
DA:67,2
DA:72,6
LF:8
LH:8
BRF:0
BRH:0
end_of_record
TN:
SF:router/cart.js
FNF:0
FNH:0
DA:1,6
DA:3,6
DA:5,6
DA:6,6
DA:8,6
DA:9,6
DA:10,6
DA:11,6
DA:13,6
LF:9
LH:9
BRF:0
BRH:0
end_of_record
TN:
SF:router/game.js
FNF:0
FNH:0
DA:1,6
DA:3,6
DA:5,6
DA:6,6
DA:8,6
DA:9,6
DA:10,6
DA:12,6
LF:8
LH:8
BRF:0
BRH:0
end_of_record
TN:
SF:router/index.js
FNF:0
FNH:0
DA:1,6
DA:2,6
DA:3,6
DA:4,6
DA:5,6
DA:6,6
DA:7,6
DA:8,6
DA:9,6
DA:10,6
DA:11,6
DA:12,6
DA:13,6
DA:14,6
DA:15,6
DA:16,6
DA:17,6
DA:18,6
DA:20,6
DA:21,6
LF:20
LH:20
BRF:0
BRH:0
end_of_record
TN:
SF:router/user.js
FNF:0
FNH:0
DA:1,6
DA:2,6
DA:4,6
DA:6,6
DA:7,6
DA:8,6
DA:10,6
LF:7
LH:7
BRF:0
BRH:0
end_of_record
